info it worked if it ends with ok
verbose cli [ 'node', '/usr/local/bin/npm', 'install', 'grunt' ]
info using npm@1.1.4
info using node@v0.6.12
verbose config file /root/.npmrc
verbose config file /usr/local/etc/npmrc
verbose config file /usr/local/lib/node_modules/npm/npmrc
verbose cache add [ 'grunt', null ]
silly cache add: name, spec, args [ undefined, 'grunt', [ 'grunt', null ] ]
verbose parsed url { pathname: 'grunt', path: 'grunt', href: 'grunt' }
verbose addNamed [ 'grunt', '' ]
verbose addNamed [ null, '' ]
silly name, range, hasData [ 'grunt', '', false ]
verbose raw, before any munging grunt
verbose url resolving [ 'https://registry.npmjs.org/', './grunt' ]
verbose url resolved https://registry.npmjs.org/grunt
http GET https://registry.npmjs.org/grunt
ERR! Error: failed to fetch from registry: grunt
ERR!     at /usr/local/lib/node_modules/npm/lib/utils/npm-registry-client/get.js:139:12
ERR!     at cb (/usr/local/lib/node_modules/npm/lib/utils/npm-registry-client/request.js:31:9)
ERR!     at Request._callback (/usr/local/lib/node_modules/npm/lib/utils/npm-registry-client/request.js:136:18)
ERR!     at Request.callback (/usr/local/lib/node_modules/npm/node_modules/request/main.js:119:22)
ERR!     at Request.<anonymous> (/usr/local/lib/node_modules/npm/node_modules/request/main.js:212:58)
ERR!     at Request.emit (events.js:88:20)
ERR!     at ClientRequest.<anonymous> (/usr/local/lib/node_modules/npm/node_modules/request/main.js:412:12)
ERR!     at ClientRequest.emit (events.js:67:17)
ERR!     at HTTPParser.onIncoming (http.js:1261:11)
ERR!     at HTTPParser.onHeadersComplete (http.js:102:31)
ERR! You may report this log at:
ERR!     <http://github.com/isaacs/npm/issues>
ERR! or email it to:
ERR!     <npm-@googlegroups.com>
ERR! 
ERR! System Linux 3.2.0-4-amd64
ERR! command "node" "/usr/local/bin/npm" "install" "grunt"
ERR! cwd /opt/lampp/htdocs/example
ERR! node -v v0.6.12
ERR! npm -v 1.1.4
ERR! message failed to fetch from registry: grunt
verbose exit [ 1, true ]
